[debug] [2021-07-11T15:28:08.153Z] ----------------------------------------------------------------------
[debug] [2021-07-11T15:28:08.155Z] Command:       C:\Program Files\nodejs\node.exe C:\Users\gabyk\AppData\Roaming\npm\node_modules\firebase-tools\lib\bin\firebase.js init
[debug] [2021-07-11T15:28:08.155Z] CLI Version:   9.16.0
[debug] [2021-07-11T15:28:08.155Z] Platform:      win32
[debug] [2021-07-11T15:28:08.155Z] Node Version:  v14.15.0
[debug] [2021-07-11T15:28:08.156Z] Time:          Sun Jul 11 2021 18:28:08 GMT+0300 (Israel Daylight Time)
[debug] [2021-07-11T15:28:08.156Z] ----------------------------------------------------------------------
[debug] 
[debug] [2021-07-11T15:28:08.159Z] >>> [apiv2][query] GET https://firebase-public.firebaseio.com/cli.json [none]
[debug] [2021-07-11T15:28:08.178Z] > command requires scopes: ["email","openid","https://www.googleapis.com/auth/cloudplatformprojects.readonly","https://www.googleapis.com/auth/firebase","https://www.googleapis.com/auth/cloud-platform"]
[debug] [2021-07-11T15:28:08.178Z] > authorizing via signed-in user (gabyk800@gmail.com)
[info] 
     ######## #### ########  ######## ########     ###     ######  ########
     ##        ##  ##     ## ##       ##     ##  ##   ##  ##       ##
     ######    ##  ########  ######   ########  #########  ######  ######
     ##        ##  ##    ##  ##       ##     ## ##     ##       ## ##
     ##       #### ##     ## ######## ########  ##     ##  ######  ########

You're about to initialize a Firebase project in this directory:

  C:\Users\gabyk\Documents\Projects\nextfire-blog

[debug] [2021-07-11T15:28:08.781Z] <<< [apiv2][status] GET https://firebase-public.firebaseio.com/cli.json 200
[debug] [2021-07-11T15:28:08.781Z] <<< [apiv2][body] GET https://firebase-public.firebaseio.com/cli.json {"cloudBuildErrorAfter":1594252800000,"cloudBuildWarnAfter":1590019200000,"defaultNode10After":1594252800000,"minVersion":"3.0.5","node8DeploysDisabledAfter":1613390400000,"node8RuntimeDisabledAfter":1615809600000,"node8WarnAfter":1600128000000}
